running egg_info
creating ../build/frame/frame.egg-info
writing ../build/frame/frame.egg-info/PKG-INFO
writing dependency_links to ../build/frame/frame.egg-info/dependency_links.txt
writing entry points to ../build/frame/frame.egg-info/entry_points.txt
writing requirements to ../build/frame/frame.egg-info/requires.txt
writing top-level names to ../build/frame/frame.egg-info/top_level.txt
writing manifest file '../build/frame/frame.egg-info/SOURCES.txt'
reading manifest file '../build/frame/frame.egg-info/SOURCES.txt'
writing manifest file '../build/frame/frame.egg-info/SOURCES.txt'
running build
running build_py
creating /home/alireza/projects/eyerobot-ros2/eyerobot_ws/build/frame/build
creating /home/alireza/projects/eyerobot-ros2/eyerobot_ws/build/frame/build/lib
creating /home/alireza/projects/eyerobot-ros2/eyerobot_ws/build/frame/build/lib/frame
copying frame/__init__.py -> /home/alireza/projects/eyerobot-ros2/eyerobot_ws/build/frame/build/lib/frame
running install
running install_lib
creating /home/alireza/projects/eyerobot-ros2/eyerobot_ws/install/frame/lib/python3.8/site-packages/frame
copying /home/alireza/projects/eyerobot-ros2/eyerobot_ws/build/frame/build/lib/frame/__init__.py -> /home/alireza/projects/eyerobot-ros2/eyerobot_ws/install/frame/lib/python3.8/site-packages/frame
byte-compiling /home/alireza/projects/eyerobot-ros2/eyerobot_ws/install/frame/lib/python3.8/site-packages/frame/__init__.py to __init__.cpython-38.pyc
running install_data
creating /home/alireza/projects/eyerobot-ros2/eyerobot_ws/install/frame/share/ament_index
creating /home/alireza/projects/eyerobot-ros2/eyerobot_ws/install/frame/share/ament_index/resource_index
creating /home/alireza/projects/eyerobot-ros2/eyerobot_ws/install/frame/share/ament_index/resource_index/packages
copying resource/frame -> /home/alireza/projects/eyerobot-ros2/eyerobot_ws/install/frame/share/ament_index/resource_index/packages
copying package.xml -> /home/alireza/projects/eyerobot-ros2/eyerobot_ws/install/frame/share/frame
running install_egg_info
Copying ../build/frame/frame.egg-info to /home/alireza/projects/eyerobot-ros2/eyerobot_ws/install/frame/lib/python3.8/site-packages/frame-0.0.0-py3.8.egg-info
running install_scripts
writing list of installed files to '/home/alireza/projects/eyerobot-ros2/eyerobot_ws/build/frame/install.log'
