[0.571s] Invoking command in '/home/alireza/projects/eyerobot-ros2/eyerobot_ws/frame': CONDA_PROMPT_MODIFIER=(base) PYTHONPATH=/home/alireza/projects/eyerobot-ros2/eyerobot_ws/build/frame/prefix_override:/home/alireza/projects/eyerobot-ros2/eyerobot_ws/install/frame/lib/python3.8/site-packages:${PYTHONPATH} /usr/bin/python3 setup.py egg_info --egg-base ../build/frame build --build-base /home/alireza/projects/eyerobot-ros2/eyerobot_ws/build/frame/build install --record /home/alireza/projects/eyerobot-ros2/eyerobot_ws/build/frame/install.log --install-scripts $base/lib/frame --single-version-externally-managed
[0.749s] running egg_info
[0.749s] creating ../build/frame/frame.egg-info
[0.749s] writing ../build/frame/frame.egg-info/PKG-INFO
[0.749s] writing dependency_links to ../build/frame/frame.egg-info/dependency_links.txt
[0.750s] writing entry points to ../build/frame/frame.egg-info/entry_points.txt
[0.750s] writing requirements to ../build/frame/frame.egg-info/requires.txt
[0.750s] writing top-level names to ../build/frame/frame.egg-info/top_level.txt
[0.759s] writing manifest file '../build/frame/frame.egg-info/SOURCES.txt'
[0.784s] reading manifest file '../build/frame/frame.egg-info/SOURCES.txt'
[0.784s] writing manifest file '../build/frame/frame.egg-info/SOURCES.txt'
[0.784s] running build
[0.785s] running build_py
[0.785s] creating /home/alireza/projects/eyerobot-ros2/eyerobot_ws/build/frame/build
[0.785s] creating /home/alireza/projects/eyerobot-ros2/eyerobot_ws/build/frame/build/lib
[0.785s] creating /home/alireza/projects/eyerobot-ros2/eyerobot_ws/build/frame/build/lib/frame
[0.785s] copying frame/__init__.py -> /home/alireza/projects/eyerobot-ros2/eyerobot_ws/build/frame/build/lib/frame
[0.785s] running install
[0.786s] running install_lib
[0.786s] creating /home/alireza/projects/eyerobot-ros2/eyerobot_ws/install/frame/lib/python3.8/site-packages/frame
[0.786s] copying /home/alireza/projects/eyerobot-ros2/eyerobot_ws/build/frame/build/lib/frame/__init__.py -> /home/alireza/projects/eyerobot-ros2/eyerobot_ws/install/frame/lib/python3.8/site-packages/frame
[0.786s] byte-compiling /home/alireza/projects/eyerobot-ros2/eyerobot_ws/install/frame/lib/python3.8/site-packages/frame/__init__.py to __init__.cpython-38.pyc
[0.787s] running install_data
[0.787s] creating /home/alireza/projects/eyerobot-ros2/eyerobot_ws/install/frame/share/ament_index
[0.787s] creating /home/alireza/projects/eyerobot-ros2/eyerobot_ws/install/frame/share/ament_index/resource_index
[0.787s] creating /home/alireza/projects/eyerobot-ros2/eyerobot_ws/install/frame/share/ament_index/resource_index/packages
[0.788s] copying resource/frame -> /home/alireza/projects/eyerobot-ros2/eyerobot_ws/install/frame/share/ament_index/resource_index/packages
[0.788s] copying package.xml -> /home/alireza/projects/eyerobot-ros2/eyerobot_ws/install/frame/share/frame
[0.788s] running install_egg_info
[0.788s] Copying ../build/frame/frame.egg-info to /home/alireza/projects/eyerobot-ros2/eyerobot_ws/install/frame/lib/python3.8/site-packages/frame-0.0.0-py3.8.egg-info
[0.789s] running install_scripts
[0.802s] writing list of installed files to '/home/alireza/projects/eyerobot-ros2/eyerobot_ws/build/frame/install.log'
[0.820s] Invoked command in '/home/alireza/projects/eyerobot-ros2/eyerobot_ws/frame' returned '0': CONDA_PROMPT_MODIFIER=(base) PYTHONPATH=/home/alireza/projects/eyerobot-ros2/eyerobot_ws/build/frame/prefix_override:/home/alireza/projects/eyerobot-ros2/eyerobot_ws/install/frame/lib/python3.8/site-packages:${PYTHONPATH} /usr/bin/python3 setup.py egg_info --egg-base ../build/frame build --build-base /home/alireza/projects/eyerobot-ros2/eyerobot_ws/build/frame/build install --record /home/alireza/projects/eyerobot-ros2/eyerobot_ws/build/frame/install.log --install-scripts $base/lib/frame --single-version-externally-managed
