running egg_info
writing ../../build/frame/frame.egg-info/PKG-INFO
writing dependency_links to ../../build/frame/frame.egg-info/dependency_links.txt
writing entry points to ../../build/frame/frame.egg-info/entry_points.txt
writing requirements to ../../build/frame/frame.egg-info/requires.txt
writing top-level names to ../../build/frame/frame.egg-info/top_level.txt
reading manifest file '../../build/frame/frame.egg-info/SOURCES.txt'
writing manifest file '../../build/frame/frame.egg-info/SOURCES.txt'
running build
running build_py
copying frame/__init__.py -> /home/alireza/projects/eyerobot-ros2/eyerobot_ws/build/frame/build/lib/frame
running install
running install_lib
copying /home/alireza/projects/eyerobot-ros2/eyerobot_ws/build/frame/build/lib/frame/__init__.py -> /home/alireza/projects/eyerobot-ros2/eyerobot_ws/install/frame/lib/python3.8/site-packages/frame
byte-compiling /home/alireza/projects/eyerobot-ros2/eyerobot_ws/install/frame/lib/python3.8/site-packages/frame/__init__.py to __init__.cpython-38.pyc
running install_data
copying resource/frame -> /home/alireza/projects/eyerobot-ros2/eyerobot_ws/install/frame/share/ament_index/resource_index/packages
copying package.xml -> /home/alireza/projects/eyerobot-ros2/eyerobot_ws/install/frame/share/frame
running install_egg_info
removing '/home/alireza/projects/eyerobot-ros2/eyerobot_ws/install/frame/lib/python3.8/site-packages/frame-0.0.0-py3.8.egg-info' (and everything under it)
Copying ../../build/frame/frame.egg-info to /home/alireza/projects/eyerobot-ros2/eyerobot_ws/install/frame/lib/python3.8/site-packages/frame-0.0.0-py3.8.egg-info
running install_scripts
writing list of installed files to '/home/alireza/projects/eyerobot-ros2/eyerobot_ws/build/frame/install.log'
