[0.590s] Invoking command in '/home/alireza/projects/eyerobot-ros2/eyerobot_ws/src/frame': CONDA_PROMPT_MODIFIER=(base) PYTHONPATH=/home/alireza/projects/eyerobot-ros2/eyerobot_ws/build/frame/prefix_override:/home/alireza/projects/eyerobot-ros2/eyerobot_ws/install/frame/lib/python3.8/site-packages:${PYTHONPATH} /usr/bin/python3 setup.py egg_info --egg-base ../../build/frame build --build-base /home/alireza/projects/eyerobot-ros2/eyerobot_ws/build/frame/build install --record /home/alireza/projects/eyerobot-ros2/eyerobot_ws/build/frame/install.log --install-scripts $base/lib/frame --single-version-externally-managed
[0.777s] running egg_info
[0.778s] writing ../../build/frame/frame.egg-info/PKG-INFO
[0.778s] writing dependency_links to ../../build/frame/frame.egg-info/dependency_links.txt
[0.778s] writing entry points to ../../build/frame/frame.egg-info/entry_points.txt
[0.778s] writing requirements to ../../build/frame/frame.egg-info/requires.txt
[0.778s] writing top-level names to ../../build/frame/frame.egg-info/top_level.txt
[0.806s] reading manifest file '../../build/frame/frame.egg-info/SOURCES.txt'
[0.807s] writing manifest file '../../build/frame/frame.egg-info/SOURCES.txt'
[0.807s] running build
[0.807s] running build_py
[0.807s] copying frame/__init__.py -> /home/alireza/projects/eyerobot-ros2/eyerobot_ws/build/frame/build/lib/frame
[0.807s] running install
[0.808s] running install_lib
[0.808s] copying /home/alireza/projects/eyerobot-ros2/eyerobot_ws/build/frame/build/lib/frame/__init__.py -> /home/alireza/projects/eyerobot-ros2/eyerobot_ws/install/frame/lib/python3.8/site-packages/frame
[0.808s] byte-compiling /home/alireza/projects/eyerobot-ros2/eyerobot_ws/install/frame/lib/python3.8/site-packages/frame/__init__.py to __init__.cpython-38.pyc
[0.809s] running install_data
[0.809s] copying resource/frame -> /home/alireza/projects/eyerobot-ros2/eyerobot_ws/install/frame/share/ament_index/resource_index/packages
[0.810s] copying package.xml -> /home/alireza/projects/eyerobot-ros2/eyerobot_ws/install/frame/share/frame
[0.810s] running install_egg_info
[0.811s] removing '/home/alireza/projects/eyerobot-ros2/eyerobot_ws/install/frame/lib/python3.8/site-packages/frame-0.0.0-py3.8.egg-info' (and everything under it)
[0.811s] Copying ../../build/frame/frame.egg-info to /home/alireza/projects/eyerobot-ros2/eyerobot_ws/install/frame/lib/python3.8/site-packages/frame-0.0.0-py3.8.egg-info
[0.812s] running install_scripts
[0.824s] writing list of installed files to '/home/alireza/projects/eyerobot-ros2/eyerobot_ws/build/frame/install.log'
[0.842s] Invoked command in '/home/alireza/projects/eyerobot-ros2/eyerobot_ws/src/frame' returned '0': CONDA_PROMPT_MODIFIER=(base) PYTHONPATH=/home/alireza/projects/eyerobot-ros2/eyerobot_ws/build/frame/prefix_override:/home/alireza/projects/eyerobot-ros2/eyerobot_ws/install/frame/lib/python3.8/site-packages:${PYTHONPATH} /usr/bin/python3 setup.py egg_info --egg-base ../../build/frame build --build-base /home/alireza/projects/eyerobot-ros2/eyerobot_ws/build/frame/build install --record /home/alireza/projects/eyerobot-ros2/eyerobot_ws/build/frame/install.log --install-scripts $base/lib/frame --single-version-externally-managed
